[03:44:46] [main/INFO] (FabricLoader/GameProvider) Loading Minecraft 1.20.1 with Fabric Loader 0.16.10
[03:44:46] [ForkJoinPool-1-worker-2/WARN] (FabricLoader/Metadata) Mod branches uses the version ${version} which isn't compatible with Loader's extended semantic version format (Could not parse version number component '${version}'!), SemVer is recommended for reliably evaluating dependencies and prioritizing newer version
[03:44:46] [main/WARN] (FabricLoader/Resolution) Warnings were found!
 - Mod 'Every Compat' (everycomp) 1.20-2.7.15 recommends any version of sawmill, which is missing!
	 - You should install any version of sawmill for the optimal experience.
[03:44:46] [main/INFO] (FabricLoader) Loading 50 mods:
	- architectury 9.2.14
	- branches 1.0.0-fabric
	- everycomp 1.20-2.7.15
	- fabric-api 0.92.3+1.20.1
	- fabric-api-base 0.4.31+1802ada577
	- fabric-api-lookup-api-v1 1.6.36+1802ada577
	- fabric-biome-api-v1 13.0.13+1802ada577
	- fabric-block-api-v1 1.0.11+1802ada577
	- fabric-block-view-api-v2 1.0.1+1802ada577
	- fabric-command-api-v1 1.2.34+f71b366f77
	- fabric-command-api-v2 2.2.13+1802ada577
	- fabric-commands-v0 0.2.51+df3654b377
	- fabric-containers-v0 0.1.65+df3654b377
	- fabric-content-registries-v0 4.0.12+1802ada577
	- fabric-convention-tags-v1 1.5.5+1802ada577
	- fabric-crash-report-info-v1 0.2.19+1802ada577
	- fabric-data-attachment-api-v1 1.0.1+de0fd6d177
	- fabric-data-generation-api-v1 12.3.5+1802ada577
	- fabric-dimensions-v1 2.1.54+1802ada577
	- fabric-entity-events-v1 1.6.0+1c78457f77
	- fabric-events-interaction-v0 0.6.3+13a40c6677
	- fabric-events-lifecycle-v0 0.2.63+df3654b377
	- fabric-game-rule-api-v1 1.0.40+1802ada577
	- fabric-gametest-api-v1 1.2.14+1802ada577
	- fabric-item-api-v1 2.1.28+1802ada577
	- fabric-item-group-api-v1 4.0.13+1802ada577
	- fabric-lifecycle-events-v1 2.2.22+1802ada577
	- fabric-loot-api-v2 1.2.2+1802ada577
	- fabric-loot-tables-v1 1.1.46+9e7660c677
	- fabric-message-api-v1 5.1.9+1802ada577
	- fabric-mining-level-api-v1 2.1.51+1802ada577
	- fabric-networking-api-v1 1.3.12+13a40c6677
	- fabric-networking-v0 0.3.52+df3654b377
	- fabric-object-builder-api-v1 11.1.4+1802ada577
	- fabric-particles-v1 1.1.2+1802ada577
	- fabric-recipe-api-v1 1.0.22+1802ada577
	- fabric-registry-sync-v0 2.3.4+1802ada577
	- fabric-rendering-data-attachment-v1 0.3.37+92a0d36777
	- fabric-rendering-fluids-v1 3.0.28+1802ada577
	- fabric-resource-conditions-api-v1 2.3.8+1802ada577
	- fabric-resource-loader-v0 0.11.11+fb82e9d777
	- fabric-screen-handler-api-v1 1.3.31+1802ada577
	- fabric-transfer-api-v1 3.3.5+8dd72ea377
	- fabric-transitive-access-wideners-v1 4.3.1+1802ada577
	- fabricloader 0.16.10
	- generated_9efebe6 1.0.0
	- java 21
	- minecraft 1.20.1
	- mixinextras 0.4.1
	- moonlight 1.20-2.13.58
[03:44:46] [main/INFO] (FabricLoader/Mixin) SpongePowered MIXIN Subsystem Version=0.8.7 Source=file:/home/raul/.gradle/caches/modules-2/files-2.1/net.fabricmc/sponge-mixin/0.15.4+mixin.0.8.7/6a12aacc794f1078458433116e9ed42c1cc98096/sponge-mixin-0.15.4+mixin.0.8.7.jar Service=Knot/Fabric Env=SERVER
[03:44:46] [main/INFO] (FabricLoader/Mixin) Loaded Fabric development mappings for mixin remapper!
[03:44:46] [main/INFO] (FabricLoader/Mixin) Compatibility level set to JAVA_17
[03:44:46] [main/INFO] (FabricLoader/MixinExtras|Service) Initializing MixinExtras via com.llamalad7.mixinextras.service.MixinExtrasServiceImpl(version=0.4.1).
[03:44:50] [main/INFO] (Moonlight) Loaded config everycomp-common.json
[03:44:50] [main/INFO] (branches) Registering Mod Blocks for branches
[03:44:50] [main/INFO] (branches) Registering item groups for branches
[03:44:50] [main/INFO] (branches) Registered WoodGood module with Every Compat
[03:44:50] [main/INFO] (Moonlight) Initialized block sets in 6ms
[03:44:50] [main/INFO] (Moonlight) Loaded config everycomp-entries.json
[03:44:50] [main/INFO] (Every Compat) Registering Compat WoodType Blocks
[03:44:50] [main/INFO] (Moonlight) Loaded config moonlight-common.json
[03:44:50] [main/INFO] (Moonlight) Initialized color sets in 9ms
[03:44:50] [main/ERROR] (Every Compat) 

ATTENTION: EVERY COMPAT REGISTERED 0 BLOCKS! No Wood mods (Biomes O' Plenty or others) are installed.
You dont need EveryCompat and should remove it.

[03:44:50] [main/INFO] (FabricDataGenHelper) Running data generator for branches
[03:44:50] [main/INFO] (Minecraft) Starting provider: guita's Branches/Tags for minecraft:block
[03:44:50] [main/INFO] (Minecraft) guita's Branches/Tags for minecraft:block finished after 213 ms
[03:44:50] [main/INFO] (Minecraft) Starting provider: guita's Branches/Tags for minecraft:item
[03:44:50] [main/INFO] (Minecraft) guita's Branches/Tags for minecraft:item finished after 0 ms
[03:44:50] [main/INFO] (Minecraft) Starting provider: guita's Branches/Language (en_us)
[03:44:50] [main/INFO] (Minecraft) guita's Branches/Language (en_us) finished after 1 ms
[03:44:50] [main/INFO] (Minecraft) Starting provider: guita's Branches/Block Loot Tables
[03:44:50] [main/INFO] (Minecraft) guita's Branches/Block Loot Tables finished after 21 ms
[03:44:50] [main/INFO] (Minecraft) Starting provider: guita's Branches/Model Definitions
[03:44:50] [main/INFO] (Minecraft) guita's Branches/Model Definitions finished after 54 ms
[03:44:50] [main/INFO] (Minecraft) Starting provider: guita's Branches/Recipes
[03:44:50] [main/INFO] (Minecraft) guita's Branches/Recipes finished after 9 ms
[03:44:50] [main/INFO] (Minecraft) All providers took: 303 ms
[03:44:50] [main/INFO] (Minecraft) Caching: total files: 207, old count: 0, new count: 208, removed stale: 0, written: 207
